#
# There is insufficient memory for the Java Runtime Environment to continue.
# Native memory allocation (mmap) failed to map 66060288 bytes for committing reserved memory.
# Possible reasons:
#   The system is out of physical RAM or swap space
#   In 32 bit mode, the process size limit was hit
# Possible solutions:
#   Reduce memory load on the system
#   Increase physical memory or swap space
#   Check if swap backing store is full
#   Use 64 bit Java on a 64 bit OS
#   Decrease Java heap size (-Xmx/-Xms)
#   Decrease number of Java threads
#   Decrease Java thread stack sizes (-Xss)
#   Set larger code cache with -XX:ReservedCodeCacheSize=
# This output file may be truncated or incomplete.
#
#  Out of Memory Error (os_linux.cpp:2640), pid=7348, tid=0x00007f6da7488700
#
# JRE version: OpenJDK Runtime Environment (8.0_152) (build 1.8.0_152-release-1343-b16-5323222)
# Java VM: OpenJDK 64-Bit Server VM (25.152-b16-5323222 mixed mode linux-amd64 compressed oops)
# Failed to write core dump. Core dumps have been disabled. To enable core dumping, try "ulimit -c unlimited" before starting Java again
#

---------------  T H R E A D  ---------------

Current thread (0x00007f6dbc074800):  VMThread [stack: 0x00007f6da7389000,0x00007f6da7489000] [id=7354]

Stack: [0x00007f6da7389000,0x00007f6da7489000],  sp=0x00007f6da74874e0,  free space=1017k
Native frames: (J=compiled Java code, j=interpreted, Vv=VM code, C=native code)
V  [libjvm.so+0x9ffc88]  VMError::report_and_die()+0x148
V  [libjvm.so+0x4ce9aa]  report_vm_out_of_memory(char const*, int, unsigned long, VMErrorType, char const*)+0x8a
V  [libjvm.so+0x8673d8]  os::pd_commit_memory(char*, unsigned long, unsigned long, bool)+0xd8
V  [libjvm.so+0x86201f]  os::commit_memory(char*, unsigned long, unsigned long, bool)+0x1f
V  [libjvm.so+0x8d839b]  PSVirtualSpace::expand_by(unsigned long)+0x5b
V  [libjvm.so+0x8d8ff0]  PSYoungGen::resize_generation(unsigned long, unsigned long)+0xb0
V  [libjvm.so+0x8d930b]  PSYoungGen::resize(unsigned long, unsigned long)+0x1b
V  [libjvm.so+0x8d5a3e]  PSScavenge::invoke_no_policy()+0xdce
V  [libjvm.so+0x8d61f8]  PSScavenge::invoke()+0x38
V  [libjvm.so+0x88a7e3]  ParallelScavengeHeap::failed_mem_allocate(unsigned long)+0x63
V  [libjvm.so+0xa01754]  VM_ParallelGCFailedAllocation::doit()+0x84
V  [libjvm.so+0xa05bf7]  VM_Operation::evaluate()+0x47
V  [libjvm.so+0xa04658]  VMThread::evaluate_operation(VM_Operation*)+0x2c8
V  [libjvm.so+0xa04ab1]  VMThread::loop()+0x1f1
V  [libjvm.so+0xa04ee2]  VMThread::run()+0x72
V  [libjvm.so+0x864822]  java_start(Thread*)+0xf2

VM_Operation (0x00007f6d6bafd760): ParallelGCFailedAllocation, mode: safepoint, requested by thread 0x00007f6d65b20000


---------------  P R O C E S S  ---------------

Java Threads: ( => current thread )
  0x00007f6d65b20000 JavaThread "Cache worker for Build Output Cleanup Cache (/home/vinny/AndroidStudioProjects/SmartOrnament/.gradle/buildOutputCleanup)" [_thread_blocked, id=7801, stack(0x00007f6d6b9fe000,0x00007f6d6baff000)]
  0x00007f6d65324000 JavaThread "Build operations Thread 2" [_thread_blocked, id=7797, stack(0x00007f6da4766000,0x00007f6da4867000)]
  0x00007f6d648bd000 JavaThread "Build operations" [_thread_blocked, id=7796, stack(0x00007f6da546f000,0x00007f6da5570000)]
  0x00007f6d6439b800 JavaThread "Cache worker for cache directory md-rule (/home/vinny/.gradle/caches/5.1.1/md-rule)" [_thread_blocked, id=7792, stack(0x00007f6da516c000,0x00007f6da526d000)]
  0x00007f6d65391000 JavaThread "Cache worker for cache directory md-supplier (/home/vinny/.gradle/caches/5.1.1/md-supplier)" [_thread_blocked, id=7791, stack(0x00007f6d7c19c000,0x00007f6d7c29d000)]
  0x00007f6d64e56000 JavaThread "Cache worker for file hash cache (/home/vinny/AndroidStudioProjects/SmartOrnament/.gradle/5.1.1/fileHashes)" [_thread_blocked, id=7784, stack(0x00007f6da4f6a000,0x00007f6da506b000)]
  0x00007f6d64486000 JavaThread "Thread-78" [_thread_blocked, id=7781, stack(0x00007f6da536e000,0x00007f6da546f000)]
  0x00007f6d64e54800 JavaThread "Stdin handler" [_thread_blocked, id=7780, stack(0x00007f6d69ae4000,0x00007f6d69be5000)]
  0x00007f6d64030000 JavaThread "Asynchronous log dispatcher for DefaultDaemonConnection: socket connection from /127.0.0.1:39099 to /127.0.0.1:36468" [_thread_blocked, id=7779, stack(0x00007f6d61df4000,0x00007f6d61ef5000)]
  0x00007f6d70033000 JavaThread "Cancel handler" [_thread_blocked, id=7775, stack(0x00007f6d621f8000,0x00007f6d622f9000)]
  0x00007f6d70008000 JavaThread "Handler for socket connection from /127.0.0.1:39099 to /127.0.0.1:36468" [_thread_in_native, id=7770, stack(0x00007f6d694a7000,0x00007f6d695a8000)]
  0x00007f6d6541c800 JavaThread "Cache worker for file content cache (/home/vinny/.gradle/caches/5.1.1/fileContent)" [_thread_blocked, id=7384, stack(0x00007f6d69ee6000,0x00007f6d69fe7000)]
  0x00007f6d64119000 JavaThread "Memory manager" [_thread_blocked, id=7383, stack(0x00007f6d69fe7000,0x00007f6d6a0e8000)]
  0x00007f6d64913000 JavaThread "Cache worker for execution history cache (/home/vinny/.gradle/caches/5.1.1/executionHistory)" [_thread_blocked, id=7379, stack(0x00007f6d7c09b000,0x00007f6d7c19c000)]
  0x00007f6d64197000 JavaThread "Cache worker for journal cache (/home/vinny/.gradle/caches/journal-1)" [_thread_blocked, id=7375, stack(0x00007f6da4a67000,0x00007f6da4b68000)]
  0x00007f6d64194800 JavaThread "File lock request listener" [_thread_in_native, id=7374, stack(0x00007f6da4b68000,0x00007f6da4c69000)]
  0x00007f6d6418c800 JavaThread "Cache worker for file hash cache (/home/vinny/.gradle/caches/5.1.1/fileHashes)" [_thread_blocked, id=7373, stack(0x00007f6da4c69000,0x00007f6da4d6a000)]
  0x00007f6d7000a000 JavaThread "Daemon worker" [_thread_blocked, id=7367, stack(0x00007f6da526d000,0x00007f6da536e000)]
  0x00007f6d7402c000 JavaThread "Daemon" [_thread_blocked, id=7364, stack(0x00007f6da5570000,0x00007f6da5671000)]
  0x00007f6dbcf45000 JavaThread "Daemon periodic checks" [_thread_blocked, id=7363, stack(0x00007f6da5671000,0x00007f6da5772000)]
  0x00007f6dbcf1e000 JavaThread "Incoming local TCP Connector on port 39099" [_thread_in_native, id=7362, stack(0x00007f6da5779000,0x00007f6da587a000)]
  0x00007f6dbc0bb000 JavaThread "Service Thread" daemon [_thread_blocked, id=7360, stack(0x00007f6da6aa4000,0x00007f6da6ba5000)]
  0x00007f6dbc0b8800 JavaThread "C1 CompilerThread1" daemon [_thread_blocked, id=7359, stack(0x00007f6da6ba6000,0x00007f6da6ca6000)]
  0x00007f6dbc0b5800 JavaThread "C2 CompilerThread0" daemon [_thread_blocked, id=7358, stack(0x00007f6da6ca7000,0x00007f6da6da7000)]
  0x00007f6dbc0b4000 JavaThread "Signal Dispatcher" daemon [_thread_blocked, id=7357, stack(0x00007f6da6da7000,0x00007f6da6ea8000)]
  0x00007f6dbc081000 JavaThread "Finalizer" daemon [_thread_blocked, id=7356, stack(0x00007f6da7186000,0x00007f6da7287000)]
  0x00007f6dbc07c800 JavaThread "Reference Handler" daemon [_thread_blocked, id=7355, stack(0x00007f6da7287000,0x00007f6da7388000)]
  0x00007f6dbc00b800 JavaThread "main" [_thread_blocked, id=7351, stack(0x00007f6dc1ab2000,0x00007f6dc1bb2000)]

Other Threads:
=>0x00007f6dbc074800 VMThread [stack: 0x00007f6da7389000,0x00007f6da7489000] [id=7354]
  0x00007f6dbc0be000 WatcherThread [stack: 0x00007f6da69a4000,0x00007f6da6aa4000] [id=7361]

VM state:at safepoint (normal execution)

VM Mutex/Monitor currently owned by a thread:  ([mutex/lock_event])
[0x00007f6dbc007cc0] Threads_lock - owner thread: 0x00007f6dbc074800
[0x00007f6dbc0081c0] Heap_lock - owner thread: 0x00007f6d65b20000

Heap:
 PSYoungGen      total 358912K, used 28654K [0x00000000e0000000, 0x00000000f8300000, 0x0000000100000000)
  eden space 322560K, 0% used [0x00000000e0000000,0x00000000e0000000,0x00000000f3b00000)
  from space 36352K, 78% used [0x00000000f3b00000,0x00000000f56fbb70,0x00000000f5e80000)
  to   space 34304K, 0% used [0x00000000f5e80000,0x00000000f5e80000,0x00000000f8000000)
 ParOldGen       total 105472K, used 78368K [0x00000000a0000000, 0x00000000a6700000, 0x00000000e0000000)
  object space 105472K, 74% used [0x00000000a0000000,0x00000000a4c88158,0x00000000a6700000)
 Metaspace       used 109737K, capacity 114782K, committed 114968K, reserved 1148928K
